app/build/outputs/logs/manifest-merger-debug-report.txt
-- Merging decision tree log ---
manifest
ADDED from src/main/AndroidManifest.xml:2:1-101:12
	package
		ADDED from src/main/AndroidManifest.xml:3:5-46
		INJECTED from src/main/AndroidManifest.xml
		INJECTED from src/main/AndroidManifest.xml
	android:versionName
		INJECTED from src/main/AndroidManifest.xml
		INJECTED from src/main/AndroidManifest.xml
	xmlns:android
		ADDED from src/main/AndroidManifest.xml:2:11-69
	android:versionCode
		INJECTED from src/main/AndroidManifest.xml
		INJECTED from src/main/AndroidManifest.xml
uses-permission#android.permission.CAMERA
ADDED from src/main/AndroidManifest.xml:5:5-65
	android:name
		ADDED from src/main/AndroidManifest.xml:5:22-62
uses-permission#android.permission.WRITE_EXTERNAL_STORAGE
ADDED from src/main/AndroidManifest.xml:6:5-81
	android:name
		ADDED from src/main/AndroidManifest.xml:6:22-78
uses-permission#android.permission.INTERNET
ADDED from src/main/AndroidManifest.xml:7:5-67
	android:name
		ADDED from src/main/AndroidManifest.xml:7:22-64
uses-feature#0x00020000
ADDED from src/main/AndroidManifest.xml:10:5-12:35
	android:glEsVersion
		ADDED from src/main/AndroidManifest.xml:11:9-41
	android:required
		ADDED from src/main/AndroidManifest.xml:12:9-32
uses-feature#android.hardware.camera
ADDED from src/main/AndroidManifest.xml:15:5-17:35
	android:required
		ADDED from src/main/AndroidManifest.xml:17:9-32
	android:name
		ADDED from src/main/AndroidManifest.xml:16:9-47
supports-screens
ADDED from src/main/AndroidManifest.xml:20:5-25:40
	android:largeScreens
		ADDED from src/main/AndroidManifest.xml:22:9-36
	android:smallScreens
		ADDED from src/main/AndroidManifest.xml:24:9-37
	android:normalScreens
		ADDED from src/main/AndroidManifest.xml:23:9-37
	android:xlargeScreens
		ADDED from src/main/AndroidManifest.xml:25:9-37
	android:anyDensity
		ADDED from src/main/AndroidManifest.xml:21:9-34
application
ADDED from src/main/AndroidManifest.xml:27:5-100:19
MERGED from [:wikitudesdk:] AndroidManifest.xml:11:5-14:19
MERGED from [com.android.support:appcompat-v7:23.1.1] AndroidManifest.xml:22:5-20
MERGED from [com.android.support:support-v4:23.1.1] AndroidManifest.xml:22:5-20
MERGED from [com.android.support:design:23.1.1] AndroidManifest.xml:22:5-20
MERGED from [com.android.support:appcompat-v7:23.1.1] AndroidManifest.xml:22:5-20
MERGED from [com.android.support:support-v4:23.1.1] AndroidManifest.xml:22:5-20
MERGED from [com.android.support:support-v4:23.1.1] AndroidManifest.xml:22:5-20
MERGED from [com.android.support:support-v4:23.1.1] AndroidManifest.xml:22:5-20
	android:label
		ADDED from src/main/AndroidManifest.xml:30:9-41
	android:allowBackup
		ADDED from src/main/AndroidManifest.xml:28:9-35
	android:icon
		ADDED from src/main/AndroidManifest.xml:29:9-43
	android:theme
		ADDED from src/main/AndroidManifest.xml:31:9-40
activity#com.wikitude.samples.MainActivity
ADDED from src/main/AndroidManifest.xml:32:9-40:20
	android:label
		ADDED from src/main/AndroidManifest.xml:34:13-45
	android:name
		ADDED from src/main/AndroidManifest.xml:33:13-61
intent-filter#android.intent.action.MAIN+android.intent.category.LAUNCHER
ADDED from src/main/AndroidManifest.xml:35:13-39:29
action#android.intent.action.MAIN
ADDED from src/main/AndroidManifest.xml:36:17-69
	android:name
		ADDED from src/main/AndroidManifest.xml:36:25-66
category#android.intent.category.LAUNCHER
ADDED from src/main/AndroidManifest.xml:38:17-77
	android:name
		ADDED from src/main/AndroidManifest.xml:38:27-74
activity#com.wikitude.samples.SampleCategoryListActivity
ADDED from src/main/AndroidManifest.xml:41:9-84
	android:name
		ADDED from src/main/AndroidManifest.xml:41:19-81
activity#com.wikitude.samples.recognition.client.SimpleClientTrackingActivity
ADDED from src/main/AndroidManifest.xml:42:9-45:54
	android:screenOrientation
		ADDED from src/main/AndroidManifest.xml:45:13-51
	android:configChanges
		ADDED from src/main/AndroidManifest.xml:44:13-74
	android:name
		ADDED from src/main/AndroidManifest.xml:43:13-96
activity#com.wikitude.samples.recognition.client.ExtendedClientTrackingActivity
ADDED from src/main/AndroidManifest.xml:46:9-49:54
	android:screenOrientation
		ADDED from src/main/AndroidManifest.xml:49:13-51
	android:configChanges
		ADDED from src/main/AndroidManifest.xml:48:13-74
	android:name
		ADDED from src/main/AndroidManifest.xml:47:13-98
activity#com.wikitude.samples.recognition.client.ClientTracking3DActivity
ADDED from src/main/AndroidManifest.xml:50:9-53:54
	android:screenOrientation
		ADDED from src/main/AndroidManifest.xml:53:13-51
	android:configChanges
		ADDED from src/main/AndroidManifest.xml:52:13-74
	android:name
		ADDED from src/main/AndroidManifest.xml:51:13-92
activity#com.wikitude.samples.recognition.cloud.ContinuousCloudTrackingActivity
ADDED from src/main/AndroidManifest.xml:54:9-57:54
	android:screenOrientation
		ADDED from src/main/AndroidManifest.xml:57:13-51
	android:configChanges
		ADDED from src/main/AndroidManifest.xml:56:13-74
	android:name
		ADDED from src/main/AndroidManifest.xml:55:13-98
activity#com.wikitude.samples.recognition.cloud.OnClickCloudTrackingActivity
ADDED from src/main/AndroidManifest.xml:58:9-61:54
	android:screenOrientation
		ADDED from src/main/AndroidManifest.xml:61:13-51
	android:configChanges
		ADDED from src/main/AndroidManifest.xml:60:13-74
	android:name
		ADDED from src/main/AndroidManifest.xml:59:13-95
activity#com.wikitude.samples.camera.CameraControlsActivity
ADDED from src/main/AndroidManifest.xml:62:9-65:54
	android:screenOrientation
		ADDED from src/main/AndroidManifest.xml:65:13-51
	android:configChanges
		ADDED from src/main/AndroidManifest.xml:64:13-74
	android:name
		ADDED from src/main/AndroidManifest.xml:63:13-78
activity#com.wikitude.samples.rendering.external.ExternalRenderingActivity
ADDED from src/main/AndroidManifest.xml:66:9-69:54
	android:screenOrientation
		ADDED from src/main/AndroidManifest.xml:69:13-51
	android:configChanges
		ADDED from src/main/AndroidManifest.xml:68:13-74
	android:name
		ADDED from src/main/AndroidManifest.xml:67:13-93
activity#com.wikitude.samples.rendering.internal.InternalRenderingActivity
ADDED from src/main/AndroidManifest.xml:70:9-73:54
	android:screenOrientation
		ADDED from src/main/AndroidManifest.xml:73:13-51
	android:configChanges
		ADDED from src/main/AndroidManifest.xml:72:13-74
	android:name
		ADDED from src/main/AndroidManifest.xml:71:13-93
activity#com.wikitude.samples.plugins.BarcodePluginActivity
ADDED from src/main/AndroidManifest.xml:74:9-77:54
	android:screenOrientation
		ADDED from src/main/AndroidManifest.xml:77:13-51
	android:configChanges
		ADDED from src/main/AndroidManifest.xml:76:13-74
	android:name
		ADDED from src/main/AndroidManifest.xml:75:13-78
activity#com.wikitude.samples.plugins.FaceDetectionPluginActivity
ADDED from src/main/AndroidManifest.xml:78:9-81:54
	android:screenOrientation
		ADDED from src/main/AndroidManifest.xml:81:13-51
	android:configChanges
		ADDED from src/main/AndroidManifest.xml:80:13-74
	android:name
		ADDED from src/main/AndroidManifest.xml:79:13-84
activity#com.wikitude.samples.plugins.CustomCameraActivity
ADDED from src/main/AndroidManifest.xml:82:9-85:54
	android:screenOrientation
		ADDED from src/main/AndroidManifest.xml:85:13-51
	android:configChanges
		ADDED from src/main/AndroidManifest.xml:84:13-74
	android:name
		ADDED from src/main/AndroidManifest.xml:83:13-77
activity#com.wikitude.samples.recorder.TrackingMapRecorderActivity
ADDED from src/main/AndroidManifest.xml:86:9-89:54
	android:screenOrientation
		ADDED from src/main/AndroidManifest.xml:89:13-51
	android:configChanges
		ADDED from src/main/AndroidManifest.xml:88:13-74
	android:name
		ADDED from src/main/AndroidManifest.xml:87:13-85
provider#android.support.v4.content.FileProvider
ADDED from src/main/AndroidManifest.xml:91:9-99:20
	android:authorities
		ADDED from src/main/AndroidManifest.xml:93:13-79
	android:grantUriPermissions
		ADDED from src/main/AndroidManifest.xml:95:13-47
	android:exported
		ADDED from src/main/AndroidManifest.xml:94:13-37
	android:name
		ADDED from src/main/AndroidManifest.xml:92:13-67
meta-data#android.support.FILE_PROVIDER_PATHS
ADDED from src/main/AndroidManifest.xml:96:13-98:53
	android:resource
		ADDED from src/main/AndroidManifest.xml:98:17-50
	android:name
		ADDED from src/main/AndroidManifest.xml:97:17-67
uses-sdk
INJECTED from src/main/AndroidManifest.xml reason: use-sdk injection requested
MERGED from [:wikitudesdk:] AndroidManifest.xml:7:5-9:41
MERGED from [com.android.support:appcompat-v7:23.1.1] AndroidManifest.xml:20:5-43
MERGED from [com.android.support:support-v4:23.1.1] AndroidManifest.xml:20:5-43
MERGED from [com.android.support:design:23.1.1] AndroidManifest.xml:20:5-43
MERGED from [com.android.support:appcompat-v7:23.1.1] AndroidManifest.xml:20:5-43
MERGED from [com.android.support:support-v4:23.1.1] AndroidManifest.xml:20:5-43
MERGED from [com.android.support:recyclerview-v7:23.1.1] AndroidManifest.xml:20:5-43
MERGED from [com.android.support:support-v4:23.1.1] AndroidManifest.xml:20:5-43
MERGED from [com.android.support:support-v4:23.1.1] AndroidManifest.xml:20:5-43
	android:targetSdkVersion
		INJECTED from src/main/AndroidManifest.xml
		INJECTED from src/main/AndroidManifest.xml
	android:minSdkVersion
		INJECTED from src/main/AndroidManifest.xml
		INJECTED from src/main/AndroidManifest.xml